2024-02-10 09:53:32.288 [info] Log level: Info
2024-02-10 09:53:32.288 [info] Validating found git in: "git"
2024-02-10 09:53:32.289 [info] Using git "2.39.3" from "git"
2024-02-10 09:53:32.289 [info] > git rev-parse --show-toplevel [36ms]
2024-02-10 09:53:32.289 [info] fatal: not a git repository (or any of the parent directories): .git
2024-02-10 09:53:32.289 [info] > git rev-parse --show-toplevel [121ms]
2024-02-10 09:53:32.289 [info] fatal: not a git repository (or any of the parent directories): .git
2024-02-10 09:53:32.323 [info] > git rev-parse --show-toplevel [36ms]
2024-02-10 09:53:32.324 [info] fatal: not a git repository (or any of the parent directories): .git
2024-02-10 09:53:32.348 [info] > git rev-parse --show-toplevel [8ms]
2024-02-10 09:53:32.348 [info] fatal: not a git repository (or any of the parent directories): .git
2024-02-10 09:53:32.366 [info] > git rev-parse --show-toplevel [5ms]
2024-02-10 09:53:32.366 [info] fatal: not a git repository (or any of the parent directories): .git
2024-02-10 09:53:32.389 [info] > git rev-parse --show-toplevel [10ms]
2024-02-10 09:53:32.389 [info] fatal: not a git repository (or any of the parent directories): .git
2024-02-10 09:53:32.406 [info] > git rev-parse --show-toplevel [3ms]
2024-02-10 09:53:32.406 [info] fatal: not a git repository (or any of the parent directories): .git
2024-02-10 09:53:32.419 [info] > git rev-parse --show-toplevel [3ms]
2024-02-10 09:53:32.419 [info] fatal: not a git repository (or any of the parent directories): .git
2024-02-10 09:53:32.433 [info] > git rev-parse --show-toplevel [3ms]
2024-02-10 09:53:32.433 [info] fatal: not a git repository (or any of the parent directories): .git
2024-02-10 09:53:32.446 [info] > git rev-parse --show-toplevel [3ms]
2024-02-10 09:53:32.446 [info] fatal: not a git repository (or any of the parent directories): .git
2024-02-10 09:53:32.493 [info] > git rev-parse --show-toplevel [36ms]
2024-02-10 09:53:32.493 [info] fatal: not a git repository (or any of the parent directories): .git
2024-02-10 09:53:34.427 [info] > git rev-parse --show-toplevel [5ms]
2024-02-10 09:53:34.427 [info] fatal: not a git repository (or any of the parent directories): .git
2024-02-10 09:54:13.428 [info] > git rev-parse --show-toplevel [18ms]
2024-02-10 09:54:13.428 [info] fatal: not a git repository (or any of the parent directories): .git
2024-02-10 10:17:57.468 [info] > git rev-parse --show-toplevel [1ms]
2024-02-10 10:17:57.477 [info] > git rev-parse --git-dir --git-common-dir [2ms]
2024-02-10 10:17:57.488 [info] Open repository: /home/simple-cms
2024-02-10 10:17:57.510 [info] No remotes found in the git config file.
2024-02-10 10:17:57.511 [info] > git config --get commit.template [10ms]
2024-02-10 10:17:57.511 [info] > git for-each-ref --format=%(refname)%00%(upstream:short)%00%(objectname)%00%(upstream:track)%00%(upstream:remotename)%00%(upstream:remoteref) refs/heads/master refs/remotes/master [2ms]
2024-02-10 10:17:57.512 [warning] No such branch: master.
2024-02-10 10:17:57.552 [info] > git status -z -uall [31ms]
2024-02-10 10:17:57.783 [info] > git config --get commit.template [5ms]
2024-02-10 10:17:57.784 [info] No remotes found in the git config file.
2024-02-10 10:17:57.802 [info] > git for-each-ref --format=%(refname)%00%(upstream:short)%00%(objectname)%00%(upstream:track)%00%(upstream:remotename)%00%(upstream:remoteref) refs/heads/master refs/remotes/master [7ms]
2024-02-10 10:17:57.803 [warning] No such branch: master.
2024-02-10 10:17:57.825 [info] > git status -z -uall [14ms]
2024-02-10 10:17:58.115 [info] > git show --textconv :public_html/index.php [19ms]
2024-02-10 10:17:58.115 [info] > git check-ignore -v -z --stdin [2ms]
2024-02-10 10:17:58.116 [info] > git ls-files --stage -- /home/simple-cms/public_html/index.php [13ms]
2024-02-10 10:23:05.362 [info] > git check-ignore -v -z --stdin [3ms]
2024-02-10 10:24:42.386 [info] > git check-ignore -v -z --stdin [3ms]
2024-02-10 10:25:39.421 [info] > git check-ignore -v -z --stdin [3ms]
2024-02-10 10:25:52.129 [info] > git check-ignore -v -z --stdin [3ms]
